2022-01-20T01:56:27.492404+03:00    | Launch admin panel of bot by admin 526995113
2022-01-20T01:56:27.492404+03:00    | Admin 526995113 started bot
2022-01-20T15:11:52.104908+03:00    | Post post test with date and req is created by 526545459
2022-01-20T15:12:04.277490+03:00    | Post post test with date and req is posted by 526545459
2022-01-20T15:13:14.640189+03:00    | Post test post with req without date is created by 526545459
2022-01-20T15:15:01.292432+03:00    | Post test post with req and without date is created by 526545459
2022-01-20T15:15:06.768691+03:00    | Post test post with req and without date is posted by 526545459
2022-01-20T15:16:13.211790+03:00    | Date post test post with req and without date is changed by 526995113
2022-01-20T15:16:17.468590+03:00    | Post test post with date and without req is created by 526545459
2022-01-20T15:16:26.697425+03:00    | Post test post with date and without req is posted by 526545459
2022-01-20T15:17:42.628665+03:00    | Post test post without date and req is created by 526545459
2022-01-20T15:17:48.241734+03:00    | Post test post without date and req is posted by 526545459
2022-01-20T22:08:33.627843+03:00    | Launch admin panel of bot by admin 526995113
2022-01-20T22:08:33.627843+03:00    | Admin 526995113 started bot
2022-01-20T22:27:03.684012+03:00    | Launch admin panel of bot by admin 526995113
2022-01-20T22:27:03.684012+03:00    | Admin 526995113 started bot
2022-01-21T00:38:46.812488+03:00    | Launch admin panel of bot by admin 526995113
2022-01-21T00:38:46.813485+03:00    | Admin 526995113 started bot
2022-01-21T01:54:17.108664+03:00    | Post test is created by 526995113
2022-01-21T01:54:31.791531+03:00    | Post test is deleted by 526995113
2022-01-21T02:24:24.385236+03:00    | Post test is created by 526995113
2022-01-21T02:28:22.085289+03:00    | Post test is deleted by 526995113
2022-01-21T02:29:07.157854+03:00    | Post test is created by 526995113
2022-01-21T02:33:27.308012+03:00    | Post test is deleted by 526995113
2022-01-21T02:33:57.855294+03:00    | Post test is created by 526995113
2022-01-21T02:37:45.208866+03:00    | Post test is created by 526995113
2022-01-21T02:39:16.038777+03:00    | Post test is deleted by 526995113
2022-01-21T02:40:02.188464+03:00    | Post test is created by 526995113
2022-01-21T07:26:18.886535+03:00    | Requirements test is changed by 526995113
2022-01-21T07:36:24.606825+03:00    | Requirements test is changed by 526995113
2022-01-21T07:36:56.928294+03:00    | Requirements test is changed by 526995113
2022-01-21T18:42:45.024444+03:00    | Launch admin panel of bot by admin 526545459
2022-01-21T18:42:45.024444+03:00    | Admin 526545459 started bot
2022-01-21T18:45:58.866632+03:00    | Post еуые is created by 526545459
2022-01-21T18:46:22.197426+03:00    | Post еуые is posted by 526545459
2022-01-21T18:48:25.116121+03:00    | Post test post with with twitter is created by 526545459
2022-01-21T18:48:45.736038+03:00    | Post test post with with twitter is posted by 526545459
2022-01-21T18:54:29.622618+03:00    | Post test post with date, reqs, tweeter and discord is created by 526545459
2022-01-21T18:54:40.586279+03:00    | Post test post with date, reqs, tweeter and discord is posted by 526545459
2022-01-21T18:59:46.956650+03:00    | Date post test post with date, reqs, tweeter and discord is changed by 526545459
2022-01-21T19:05:37.179589+03:00    | Launch admin panel of bot by admin 526545459
2022-01-21T19:05:37.179589+03:00    | Admin 526545459 started bot
2022-01-21T19:07:16.659850+03:00    | Post test post 2 is created by 526545459
2022-01-21T19:07:24.077339+03:00    | Post test post 2 is posted by 526545459
2022-01-21T19:17:17.478832+03:00    | Post test is deleted by 526995113
2022-01-21T19:28:51.705321+03:00    | Launch admin panel of bot by admin 526545459
2022-01-21T19:28:51.706318+03:00    | Admin 526545459 started bot
2022-01-21T19:51:58.680819+03:00    | Post test is created by 526995113
2022-01-21T19:53:25.769561+03:00    | Post test is deleted by 526995113
2022-01-21T20:15:05.756562+03:00    | Post test test is created by 526995113
2022-01-21T20:15:18.732158+03:00    | Post test test is posted by 526995113
2022-01-21T20:16:34.093604+03:00    | Name post TEST !!!!! is changed by 526995113
2022-01-21T20:18:04.210447+03:00    | Post test post 3 is created by 526545459
2022-01-21T20:18:52.771932+03:00    | Post test post 3 is posted by 526545459
2022-01-21T20:21:19.905885+03:00    | Post test post 4 is created by 526545459
2022-01-21T20:28:52.768000+03:00    | Name post TEST !! is changed by 526995113
2022-01-21T20:30:19.554384+03:00    | Post test post 4 is posted by 526545459
2022-01-21T20:32:41.726467+03:00    | Launch admin panel of bot by admin 526545459
2022-01-21T20:32:41.727464+03:00    | Admin 526545459 started bot
2022-01-21T20:32:49.261876+03:00    | Name post Test post 3 is changed by 526995113
2022-01-21T20:33:15.930565+03:00    | Name post Test post 4 is changed by 526995113
2022-01-21T20:34:15.541580+03:00    | Post test post 5 is created by 526545459
2022-01-21T20:34:31.787855+03:00    | Post test post 5 is posted by 526545459
2022-01-21T20:41:51.755850+03:00    | Post test post 6 without date and some links is created by 526545459
2022-01-21T20:42:02.276931+03:00    | Post test post 6 without date and some links is posted by 526545459
2022-01-21T20:44:42.514760+03:00    | Post test post 7 with req without date and links is created by 526545459
2022-01-21T20:44:55.141475+03:00    | Post test post 7 with req without date and links is posted by 526545459
2022-01-21T22:11:58.776898+03:00    | Post post test with date and req is deleted by 526995113
2022-01-21T22:12:01.489858+03:00    | Post test post with req without date is deleted by 526995113
2022-01-21T22:12:03.419098+03:00    | Post test post with req and without date is deleted by 526995113
2022-01-21T22:12:05.775042+03:00    | Post test post with date and without req is deleted by 526995113
2022-01-21T22:12:08.060954+03:00    | Post test post without date and req is deleted by 526995113
2022-01-21T22:12:09.748356+03:00    | Post еуые is deleted by 526995113
2022-01-21T22:12:12.635268+03:00    | Post test post with with twitter is deleted by 526995113
2022-01-21T22:12:14.645091+03:00    | Post test post with date, reqs, tweeter and discord is deleted by 526995113
2022-01-21T22:12:16.583495+03:00    | Post test post 2 is deleted by 526995113
2022-01-21T22:13:28.580879+03:00    | The author 852564930 - @maksimbutsyk - 5785 XP is removed by 526995113
2022-01-21T23:15:46.960200+03:00    | Post test post 7 is created by 526545459
2022-01-21T23:16:15.243964+03:00    | Post test post 7 is posted by 526545459
2022-01-23T20:40:37.601236+03:00    | Post небо голубое, земля круглая is created by 414258525
2022-01-23T20:50:52.378628+03:00    | Launch admin panel of bot by admin 526545459
2022-01-23T20:50:52.379674+03:00    | Admin 526545459 started bot
2022-01-23T20:51:32.742458+03:00    | Launch author panel of bot by author 1636717205
2022-01-23T20:51:32.743494+03:00    | Author 1636717205 started bot
2022-01-23T20:52:46.278213+03:00    | Post Test post 7 is created by 1636717205
2022-01-23T20:52:55.210408+03:00    | Post Test post 7 is posted by 1636717205
2022-01-23T20:54:11.269025+03:00    | Description post Небо голубое а земля круглая is changed by 526995113
2022-01-23T20:54:55.411895+03:00    | Requirements Небо голубое а земля круглая is changed by 526995113
2022-01-23T20:57:07.250938+03:00    | Launch admin panel of bot by admin 526545459
2022-01-23T20:57:07.251974+03:00    | Admin 526545459 started bot
2022-01-23T20:58:21.254540+03:00    | Launch author panel of bot by author 414258525
2022-01-23T20:58:21.254540+03:00    | Author 414258525 started bot
2022-01-23T20:58:36.394833+03:00    | Requirements Небо голубое а земля круглая is changed by 526995113
2022-01-23T21:00:09.868558+03:00    | Name post Небо голубое, земля круглая is changed by 414258525
2022-01-23T21:00:32.563579+03:00    | Description post Небо голубое, земля круглая is changed by 414258525
2022-01-23T21:21:36.187178+03:00    | Launch author panel of bot by author 461569369
2022-01-23T21:21:36.188209+03:00    | Author 461569369 started bot
2022-01-23T21:23:50.089377+03:00    | Post Тема поста is created by 461569369
2022-01-23T21:31:56.439106+03:00    | Requirements Тема поста is changed by 461569369
2022-01-24T20:36:16.690502+03:00    | Requirements TEST !! is changed by 526995113
2022-01-24T22:28:32.535227+03:00    | Post test is created by 526995113
2022-01-24T22:28:50.911976+03:00    | Post test is deleted by 526995113
2022-01-25T00:00:44.032496+03:00    | Post test post 8 is created by 526545459
2022-01-25T01:00:56.571597+03:00    | Post TEST !! is deleted by 526995113
2022-01-25T01:07:12.858749+03:00    | Post Test post 3 is deleted by 526995113
2022-01-25T01:07:43.385134+03:00    | Post Тема поста is deleted by 526995113
2022-01-25T01:08:00.267258+03:00    | Post Небо голубое, земля круглая is deleted by 526995113
2022-01-25T01:08:13.366609+03:00    | Post test post 7 with req without date and links is deleted by 526995113
2022-01-25T01:08:17.253262+03:00    | Post test post 7 is deleted by 526995113
2022-01-25T01:08:19.833314+03:00    | Post Test post 7 is deleted by 526995113
2022-01-25T01:08:39.952480+03:00    | Post test post 6 without date and some links is deleted by 526995113
2022-01-25T01:08:43.810317+03:00    | Post Test post 4 is deleted by 526995113
2022-01-25T01:08:46.223150+03:00    | Post test post 5 is deleted by 526995113
2022-01-25T01:09:17.005705+03:00    | Post test post 8 is deleted by 526995113
2022-01-25T01:11:13.844608+03:00    | Post TEST post is created by 526995113
2022-01-25T01:11:28.561575+03:00    | Post TEST post is posted by 526995113
2022-01-25T23:59:56.138563+03:00    | Post TEST post is deleted by 526995113
2022-01-26T00:04:50.729437+03:00    | Post test is created by 526995113
